<?xml version="1.0" encoding="utf-8"?><testsuites name="pytest tests"><testsuite name="pytest" errors="0" failures="0" skipped="0" tests="20" time="8.909" timestamp="2026-09-13T12:07:35.872985+00:00" hostname="agent-env-d88ec8cf-7146-4d67-adfb-d107f2417fc2"><testcase classname="tests.test_rot_vtg.TestParserRejection" name="test_bad_checksum_rot_ignored" time="0.441" /><testcase classname="tests.test_tcp_nmea" name="test_tcp_port_accepts_connection" time="0.001" /><testcase classname="tests.test_tcp_nmea" name="test_health_ok" time="0.351" /><testcase classname="tests.test_tcp_nmea" name="test_tcp_valid_hdt_updates_heading_via_ws" time="0.337" /><testcase classname="tests.test_rot_vtg.TestParserRejection" name="test_bad_checksum_vtg_ignored" time="0.463" /><testcase classname="tests.test_tcp_nmea" name="test_tcp_bad_checksum_rejected_via_ws" time="3.236" /><testcase classname="tests.test_rot_vtg.TestParserRejection" name="test_short_rot_body_ignored" time="0.439" /><testcase classname="tests.test_rot_vtg.TestParserRejection" name="test_short_vtg_body_ignored" time="0.453" /><testcase classname="tests.test_rot_vtg.TestParserRejection" name="test_non_numeric_rot_ignored" time="0.444" /><testcase classname="tests.test_gyro_repeater.TestNMEARobustness" name="test_malformed_sentence_ignored" time="0.661" /><testcase classname="tests.test_gyro_repeater.TestNMEARobustness" name="test_bad_checksum_ignored" time="0.437" /><testcase classname="tests.test_gyro_repeater.TestNMEARobustness" name="test_valid_custom_sentence_updates_heading" time="0.118" /><testcase classname="tests.test_gyro_repeater.TestHealth" name="test_health_ok" time="0.133" /><testcase classname="tests.test_gyro_repeater.TestHealth" name="test_heading_changes_over_time" time="2.658" /><testcase classname="tests.test_tcp_nmea" name="test_tcp_multi_sentence_single_packet" time="0.305" /><testcase classname="tests.test_tcp_nmea" name="test_tcp_sentence_split_across_packets" time="0.311" /><testcase classname="tests.test_tcp_nmea" name="test_ws_stream_rate_from_udp_simulator" time="1.195" /><testcase classname="tests.test_gyro_repeater.TestWebSocket" name="test_ws_stream_10hz" time="1.528" /><testcase classname="tests.test_rot_vtg.TestWebSocketFields" name="test_ws_has_rot_cog_sog" time="1.702" /><testcase classname="tests.test_rot_vtg.TestWebSocketFields" name="test_custom_rot_vtg_reflected_in_ws" time="0.296" /></testsuite></testsuites>