<?xml version="1.0" encoding="utf-8"?><testsuites name="pytest tests"><testsuite name="pytest" errors="0" failures="2" skipped="0" tests="13" time="9.967" timestamp="2026-09-01T23:43:48.689312+00:00" hostname="agent-env-d88ec8cf-7146-4d67-adfb-d107f2417fc2"><testcase classname="tests.test_rot_vtg.TestParserRejection" name="test_bad_checksum_rot_ignored" time="0.572" /><testcase classname="tests.test_gyro_repeater.TestNMEARobustness" name="test_malformed_sentence_ignored" time="0.844" /><testcase classname="tests.test_rot_vtg.TestParserRejection" name="test_bad_checksum_vtg_ignored" time="0.528" /><testcase classname="tests.test_gyro_repeater.TestNMEARobustness" name="test_bad_checksum_ignored" time="0.441" /><testcase classname="tests.test_rot_vtg.TestParserRejection" name="test_short_rot_body_ignored" time="0.437" /><testcase classname="tests.test_gyro_repeater.TestNMEARobustness" name="test_valid_custom_sentence_updates_heading" time="5.434"><failure message="AssertionError: Custom $HEHDT,123.4 was never reflected in /api/health&#10;assert False">backend/tests/test_gyro_repeater.py:112: in test_valid_custom_sentence_updates_heading
    assert seen, "Custom $HEHDT,123.4 was never reflected in /api/health"
E   AssertionError: Custom $HEHDT,123.4 was never reflected in /api/health
E   assert False</failure></testcase><testcase classname="tests.test_rot_vtg.TestParserRejection" name="test_short_vtg_body_ignored" time="0.438" /><testcase classname="tests.test_rot_vtg.TestParserRejection" name="test_non_numeric_rot_ignored" time="0.480" /><testcase classname="tests.test_rot_vtg.TestWebSocketFields" name="test_ws_has_rot_cog_sog" time="1.718" /><testcase classname="tests.test_rot_vtg.TestWebSocketFields" name="test_custom_rot_vtg_reflected_in_ws" time="0.268" /><testcase classname="tests.test_gyro_repeater.TestWebSocket" name="test_ws_stream_10hz" time="1.531" /><testcase classname="tests.test_gyro_repeater.TestHealth" name="test_health_ok" time="0.189" /><testcase classname="tests.test_gyro_repeater.TestHealth" name="test_heading_changes_over_time" time="2.357"><failure message="AssertionError: Heading did not change over 2s: 278.4 == 278.4&#10;assert 278.4 != 278.4">backend/tests/test_gyro_repeater.py:46: in test_heading_changes_over_time
    assert h1 != h2, f"Heading did not change over 2s: {h1} == {h2}"
E   AssertionError: Heading did not change over 2s: 278.4 == 278.4
E   assert 278.4 != 278.4</failure></testcase></testsuite></testsuites>