<?xml version="1.0" encoding="utf-8"?><testsuites name="pytest tests"><testsuite name="pytest" errors="0" failures="0" skipped="0" tests="6" time="4.522" timestamp="2026-09-01T10:42:22.319846+00:00" hostname="agent-env-d88ec8cf-7146-4d67-adfb-d107f2417fc2"><testcase classname="tests.test_gyro_repeater.TestNMEARobustness" name="test_malformed_sentence_ignored" time="0.858" /><testcase classname="tests.test_gyro_repeater.TestHealth" name="test_health_ok" time="0.218" /><testcase classname="tests.test_gyro_repeater.TestHealth" name="test_heading_changes_over_time" time="2.305" /><testcase classname="tests.test_gyro_repeater.TestNMEARobustness" name="test_bad_checksum_ignored" time="0.486" /><testcase classname="tests.test_gyro_repeater.TestNMEARobustness" name="test_valid_custom_sentence_updates_heading" time="2.322" /><testcase classname="tests.test_gyro_repeater.TestWebSocket" name="test_ws_stream_10hz" time="1.479" /></testsuite></testsuites>