<?xml version="1.0" encoding="utf-8"?><testsuites name="pytest tests"><testsuite name="pytest" errors="0" failures="0" skipped="0" tests="7" time="5.798" timestamp="2026-09-08T02:59:27.906843+00:00" hostname="agent-env-d88ec8cf-7146-4d67-adfb-d107f2417fc2"><testcase classname="tests.test_tcp_nmea" name="test_tcp_port_accepts_connection" time="0.001" /><testcase classname="tests.test_tcp_nmea" name="test_health_ok" time="0.287" /><testcase classname="tests.test_tcp_nmea" name="test_tcp_valid_hdt_updates_heading_via_ws" time="0.287" /><testcase classname="tests.test_tcp_nmea" name="test_tcp_bad_checksum_rejected_via_ws" time="3.256" /><testcase classname="tests.test_tcp_nmea" name="test_tcp_multi_sentence_single_packet" time="0.287" /><testcase classname="tests.test_tcp_nmea" name="test_tcp_sentence_split_across_packets" time="0.313" /><testcase classname="tests.test_tcp_nmea" name="test_ws_stream_rate_from_udp_simulator" time="1.298" /></testsuite></testsuites>